<?xml version="1.0" encoding="UTF-8"?>
<testsuite xmlns:xsi="http://www.w3.org/2001/XMLSchema-instance" xsi:noNamespaceSchemaLocation="https://maven.apache.org/surefire/maven-surefire-plugin/xsd/surefire-test-report.xsd" name="org.example.CalcTest" time="0.036" tests="2" errors="0" skipped="0" failures="1">
  <properties>
    <property name="java.specification.version" value="21"/>
    <property name="sun.cpu.isalist" value="amd64"/>
    <property name="sun.jnu.encoding" value="GBK"/>
    <property name="java.class.path" value="D:\SofterStudy\Toturial4\tutorial4\target\test-classes;D:\SofterStudy\Toturial4\tutorial4\target\classes;D:\APP\Maven\apache-maven-3.9.9-bin\apache-maven-3.9.9\maven-repository\org\junit\jupiter\junit-jupiter-engine\5.4.0\junit-jupiter-engine-5.4.0.jar;D:\APP\Maven\apache-maven-3.9.9-bin\apache-maven-3.9.9\maven-repository\org\apiguardian\apiguardian-api\1.0.0\apiguardian-api-1.0.0.jar;D:\APP\Maven\apache-maven-3.9.9-bin\apache-maven-3.9.9\maven-repository\org\junit\platform\junit-platform-engine\1.4.0\junit-platform-engine-1.4.0.jar;D:\APP\Maven\apache-maven-3.9.9-bin\apache-maven-3.9.9\maven-repository\org\opentest4j\opentest4j\1.1.1\opentest4j-1.1.1.jar;D:\APP\Maven\apache-maven-3.9.9-bin\apache-maven-3.9.9\maven-repository\org\junit\platform\junit-platform-commons\1.4.0\junit-platform-commons-1.4.0.jar;D:\APP\Maven\apache-maven-3.9.9-bin\apache-maven-3.9.9\maven-repository\org\junit\jupiter\junit-jupiter-api\5.4.0\junit-jupiter-api-5.4.0.jar;D:\APP\Maven\apache-maven-3.9.9-bin\apache-maven-3.9.9\maven-repository\org\junit\jupiter\junit-jupiter\5.11.2\junit-jupiter-5.11.2.jar;D:\APP\Maven\apache-maven-3.9.9-bin\apache-maven-3.9.9\maven-repository\org\junit\jupiter\junit-jupiter-params\5.11.2\junit-jupiter-params-5.11.2.jar;"/>
    <property name="java.vm.vendor" value="Oracle Corporation"/>
    <property name="sun.arch.data.model" value="64"/>
    <property name="user.variant" value=""/>
    <property name="java.vendor.url" value="https://java.oracle.com/"/>
    <property name="user.timezone" value="Asia/Shanghai"/>
    <property name="os.name" value="Windows 11"/>
    <property name="java.vm.specification.version" value="21"/>
    <property name="sun.java.launcher" value="SUN_STANDARD"/>
    <property name="user.country" value="CN"/>
    <property name="sun.boot.library.path" value="C:\Program Files\Java\jdk-21\bin"/>
    <property name="sun.java.command" value="C:\Users\Kevin\AppData\Local\Temp\surefire18443900147253884025\surefirebooter13054395033768203462.jar C:\Users\Kevin\AppData\Local\Temp\surefire18443900147253884025 2024-10-08T20-41-39_251-jvmRun1 surefire10317509909054045061tmp surefire_02837536435454964679tmp"/>
    <property name="jdk.debug" value="release"/>
    <property name="surefire.test.class.path" value="D:\SofterStudy\Toturial4\tutorial4\target\test-classes;D:\SofterStudy\Toturial4\tutorial4\target\classes;D:\APP\Maven\apache-maven-3.9.9-bin\apache-maven-3.9.9\maven-repository\org\junit\jupiter\junit-jupiter-engine\5.4.0\junit-jupiter-engine-5.4.0.jar;D:\APP\Maven\apache-maven-3.9.9-bin\apache-maven-3.9.9\maven-repository\org\apiguardian\apiguardian-api\1.0.0\apiguardian-api-1.0.0.jar;D:\APP\Maven\apache-maven-3.9.9-bin\apache-maven-3.9.9\maven-repository\org\junit\platform\junit-platform-engine\1.4.0\junit-platform-engine-1.4.0.jar;D:\APP\Maven\apache-maven-3.9.9-bin\apache-maven-3.9.9\maven-repository\org\opentest4j\opentest4j\1.1.1\opentest4j-1.1.1.jar;D:\APP\Maven\apache-maven-3.9.9-bin\apache-maven-3.9.9\maven-repository\org\junit\platform\junit-platform-commons\1.4.0\junit-platform-commons-1.4.0.jar;D:\APP\Maven\apache-maven-3.9.9-bin\apache-maven-3.9.9\maven-repository\org\junit\jupiter\junit-jupiter-api\5.4.0\junit-jupiter-api-5.4.0.jar;D:\APP\Maven\apache-maven-3.9.9-bin\apache-maven-3.9.9\maven-repository\org\junit\jupiter\junit-jupiter\5.11.2\junit-jupiter-5.11.2.jar;D:\APP\Maven\apache-maven-3.9.9-bin\apache-maven-3.9.9\maven-repository\org\junit\jupiter\junit-jupiter-params\5.11.2\junit-jupiter-params-5.11.2.jar;"/>
    <property name="sun.cpu.endian" value="little"/>
    <property name="user.home" value="C:\Users\Kevin"/>
    <property name="user.language" value="zh"/>
    <property name="java.specification.vendor" value="Oracle Corporation"/>
    <property name="java.version.date" value="2024-01-16"/>
    <property name="java.home" value="C:\Program Files\Java\jdk-21"/>
    <property name="file.separator" value="\"/>
    <property name="basedir" value="D:\SofterStudy\Toturial4\tutorial4"/>
    <property name="java.vm.compressedOopsMode" value="Zero based"/>
    <property name="line.separator" value="&#10;"/>
    <property name="java.vm.specification.vendor" value="Oracle Corporation"/>
    <property name="java.specification.name" value="Java Platform API Specification"/>
    <property name="surefire.real.class.path" value="C:\Users\Kevin\AppData\Local\Temp\surefire18443900147253884025\surefirebooter13054395033768203462.jar"/>
    <property name="user.script" value=""/>
    <property name="sun.management.compiler" value="HotSpot 64-Bit Tiered Compilers"/>
    <property name="java.runtime.version" value="21.0.2+13-LTS-58"/>
    <property name="user.name" value="Kevin"/>
    <property name="stdout.encoding" value="GBK"/>
    <property name="path.separator" value=";"/>
    <property name="os.version" value="10.0"/>
    <property name="java.runtime.name" value="Java(TM) SE Runtime Environment"/>
    <property name="file.encoding" value="UTF-8"/>
    <property name="java.vm.name" value="Java HotSpot(TM) 64-Bit Server VM"/>
    <property name="localRepository" value="D:\APP\Maven\apache-maven-3.9.9-bin\apache-maven-3.9.9\maven-repository"/>
    <property name="java.vendor.url.bug" value="https://bugreport.java.com/bugreport/"/>
    <property name="java.io.tmpdir" value="C:\Users\Kevin\AppData\Local\Temp\"/>
    <property name="java.version" value="21.0.2"/>
    <property name="user.dir" value="D:\SofterStudy\Toturial4\tutorial4"/>
    <property name="os.arch" value="amd64"/>
    <property name="java.vm.specification.name" value="Java Virtual Machine Specification"/>
    <property name="sun.os.patch.level" value=""/>
    <property name="native.encoding" value="GBK"/>
    <property name="java.library.path" value="C:\Program Files\Java\jdk-21\bin;C:\WINDOWS\Sun\Java\bin;C:\WINDOWS\system32;C:\WINDOWS;C:\Users\Kevin\bin;D:\APP\Git\mingw64\bin;D:\APP\Git\usr\local\bin;D:\APP\Git\usr\bin;D:\APP\Git\usr\bin;D:\APP\Git\mingw64\bin;D:\APP\Git\usr\bin;C:\Users\Kevin\bin;C:\Program Files\Common Files\Oracle\Java\javapath;C:\Program Files\Java\jdk-21\bin;C:\Program Files (x86)\Razer Chroma SDK\bin;C:\Program Files\Razer Chroma SDK\bin;C:\Program Files (x86)\Razer\ChromaBroadcast\bin;C:\Program Files\Razer\ChromaBroadcast\bin;C:\Program Files (x86)\Lenovo\PCManager\5.1.30.9202\Security\service;C:\Program Files (x86)\Lenovo\PCManager\5.1.30.9202;C:\Program Files (x86)\Lenovo\PCManager\5.1.30.9202;C:\Program Files\Microsoft\jdk-11.0.16.101-hotspot\bin;C:\Windows\system32;C:\Windows;C:\Windows\System32\Wbem;C:\Windows\System32\WindowsPowerShell\v1.0;C:\Windows\System32\OpenSSH;C:\Program Files (x86)\NVIDIA Corporation\PhysX\Common;C:\Program Files\NVIDIA Corporation\NVIDIA NvDLISR;C:\Program Files (x86)\Microsoft SQL Server\100\Tools\Binn;C:\Program Files\Microsoft SQL Server\100\Tools\Binn;C:\Program Files\Microsoft SQL Server\100\DTS\Binn;C:\Program Files\Microsoft SQL Server\150\Tools\Binn;C:\WINDOWS\system32;C:\WINDOWS;C:\WINDOWS\System32\Wbem;C:\WINDOWS\System32\WindowsPowerShell\v1.0;C:\WINDOWS\System32\OpenSSH;C:\WINDOWS\system32\config\systemprofile\AppData\Local\Microsoft\WindowsApps;C:\Users\Kevin\AppData\Local\Microsoft\WindowsApps;D:\应用\Microsoft VS Code\bin;C;C:\Program Files (x86)\Lenovo\PCManager\5.1.30.9202;C:\Program Files\dotnet;D:\APP\Maven\apache-maven-3.9.9-bin\apache-maven-3.9.9\bin;D:\APP\VScode\php-8.3.11-Win32-vs16-x64;C:\Program Files\Docker\Docker\resources\bin;C:\Users\Kevin\AppData\Local\Microsoft\WindowsApps;D:\应用\Microsoft VS Code\bin;D:\应用\Inteil IDEA\IntelliJ IDEA Community Edition 2023.3.4\bin;D:\APP\Git\usr\bin\vendor_perl;D:\APP\Git\usr\bin\core_perl;D;D:\APP\Git\APP\Maven\apache-maven-3.9.9-bin\apache-maven-3.9.9\bin;."/>
    <property name="java.vm.info" value="mixed mode, sharing"/>
    <property name="stderr.encoding" value="GBK"/>
    <property name="java.vendor" value="Oracle Corporation"/>
    <property name="java.vm.version" value="21.0.2+13-LTS-58"/>
    <property name="sun.io.unicode.encoding" value="UnicodeLittle"/>
    <property name="java.class.version" value="65.0"/>
  </properties>
  <testcase name="testAddition" classname="org.example.CalcTest" time="0.025"/>
  <testcase name="testSubtraction" classname="org.example.CalcTest" time="0.011">
    <failure message="2 - 2 should be 0 ==&gt; expected: &lt;0&gt; but was: &lt;4&gt;" type="org.opentest4j.AssertionFailedError"><![CDATA[org.opentest4j.AssertionFailedError: 2 - 2 should be 0 ==> expected: <0> but was: <4>
	at org.example.CalcTest.testSubtraction(CalcTest.java:15)
]]></failure>
  </testcase>
</testsuite>